Arguments: 
  I:\Program Files\nodejs\node.exe I:\Program Files\nodejs\node_modules\yarn\bin\yarn.js run build

PATH: 
  %CommonProgramFiles%\Microsoft Shared\Windows Live;C:\Windows\system32;C:\Windows;C:\Windows\System32\Wbem;C:\Windows\System32\WindowsPowerShell\v1.0\;C:\Program Files\dotnet\;C:\Program Files\Microsoft SQL Server\130\Tools\Binn\;i:\Program Files\Git\cmd;I:\Program Files\nodejs\;I:\Program Files (x86)\Yarn\bin\;C:\Program Files\Common Files\Microsoft Shared\Windows Live;I:\Program Files\Microsoft VS Code\bin;C:\Users\yy\AppData\Roaming\npm;C:\Users\yy\AppData\Local\Yarn\bin

Yarn version: 
  1.5.1

Node version: 
  8.10.0

Platform: 
  win32 x64

npm manifest: 
  {
    "name": "dont-starve-together-electron-vue-typescript",
    "version": "0.0.0",
    "author": "Francois Wouts <f@zenc.io>",
    "description": "An electron-vue project",
    "license": null,
    "main": "./dist/electron/main.js",
    "scripts": {
      "build": "node .electron-vue/build.js && electron-builder",
      "build:dir": "node .electron-vue/build.js && electron-builder --dir",
      "build:clean": "cross-env BUILD_TARGET=clean node .electron-vue/build.js",
      "build:web": "cross-env BUILD_TARGET=web node .electron-vue/build.js",
      "dev": "node .electron-vue/dev-runner.js",
      "e2e": "npm run pack && mocha test/e2e",
      "pack": "npm run pack:main && npm run pack:renderer",
      "pack:main": "cross-env NODE_ENV=production webpack --progress --colors --config .electron-vue/webpack.main.config.js",
      "pack:renderer": "cross-env NODE_ENV=production webpack --progress --colors --config .electron-vue/webpack.renderer.config.js",
      "test": "npm run unit && npm run e2e",
      "unit": "karma start test/unit/karma.conf.js",
      "postinstall": "npm run lint:fix"
    },
    "build": {
      "productName": "dont-starve-together-electron-vue-typescript",
      "appId": "org.simulatedgreg.electron-vue",
      "directories": {
        "output": "build"
      },
      "files": [
        "dist/electron/**/*"
      ],
      "dmg": {
        "contents": [
          {
            "x": 410,
            "y": 150,
            "type": "link",
            "path": "/Applications"
          },
          {
            "x": 130,
            "y": 150,
            "type": "file"
          }
        ]
      },
      "mac": {
        "icon": "build/icons/icon.icns"
      },
      "win": {
        "icon": "build/icons/icon.ico"
      },
      "linux": {
        "icon": "build/icons"
      }
    },
    "dependencies": {
      "vue": "^2.3.3",
      "vue-class-component": "^6.2.0",
      "vue-electron": "^1.0.6",
      "vue-property-decorator": "^6.0.0",
      "vue-router": "^3.0.1",
      "vuex": "^3.0.1"
    },
    "devDependencies": {
      "@types/fs-extra": "^5.0.1",
      "@types/ini": "^1.3.29",
      "@types/luaparse": "0.0.29",
      "babel-core": "^6.25.0",
      "babel-loader": "^7.1.1",
      "babel-plugin-istanbul": "^4.1.1",
      "babel-plugin-transform-class-properties": "^6.24.1",
      "babel-plugin-transform-decorators-legacy": "^1.3.4",
      "babel-plugin-transform-runtime": "^6.23.0",
      "babel-preset-env": "^1.6.0",
      "babel-preset-stage-0": "^6.24.1",
      "babel-register": "^6.24.1",
      "babili-webpack-plugin": "^0.1.2",
      "bootstrap": "^3.3.7",
      "cfonts": "^1.1.3",
      "chai": "^4.0.0",
      "chalk": "^2.1.0",
      "copy-webpack-plugin": "^4.0.1",
      "cross-env": "^5.0.5",
      "css-loader": "^0.28.4",
      "del": "^3.0.0",
      "devtron": "^1.4.0",
      "electron": "^1.7.9",
      "electron-builder": "^19.46.5",
      "electron-debug": "^1.4.0",
      "electron-devtools-installer": "^2.2.0",
      "electron-log": "^2.2.14",
      "extract-text-webpack-plugin": "^3.0.0",
      "file-loader": "^0.11.2",
      "fs-extra": "^5.0.0",
      "html-webpack-plugin": "^2.30.1",
      "ini": "^1.3.5",
      "inject-loader": "^3.0.0",
      "jquery": "^3.3.1",
      "karma": "^1.3.0",
      "karma-chai": "^0.1.0",
      "karma-coverage": "^1.1.1",
      "karma-electron": "^5.1.1",
      "karma-mocha": "^1.2.0",
      "karma-sourcemap-loader": "^0.3.7",
      "karma-spec-reporter": "^0.0.31",
      "karma-webpack": "^2.0.1",
      "luaparse": "^0.2.1",
      "mocha": "^3.0.2",
      "multispinner": "^0.2.1",
      "node-loader": "^0.6.0",
      "require-dir": "^0.3.0",
      "spectron": "^3.7.1",
      "style-loader": "^0.18.2",
      "ts-loader": "^3.1.1",
      "typescript": "^2.6.1",
      "url-loader": "^0.5.9",
      "vue-html-loader": "^1.2.4",
      "vue-loader": "^13.0.5",
      "vue-style-loader": "^3.0.1",
      "vue-template-compiler": "^2.4.2",
      "webpack": "^3.5.2",
      "webpack-dev-server": "^2.7.1",
      "webpack-hot-middleware": "^2.18.2",
      "webpack-merge": "^4.1.0"
    }
  }

yarn manifest: 
  No manifest

Lockfile: 
  No lockfile

Trace: 
  Error: Command failed.
  Exit code: 1
  Command: C:\Windows\system32\cmd.exe
  Arguments: /d /s /c node .electron-vue/build.js && electron-builder
  Directory: I:\dont-starve-together-electron-vue-typescript
  Output:
  
      at ProcessTermError.MessageError (I:\Program Files\nodejs\node_modules\yarn\lib\cli.js:186:110)
      at new ProcessTermError (I:\Program Files\nodejs\node_modules\yarn\lib\cli.js:226:113)
      at ChildProcess.<anonymous> (I:\Program Files\nodejs\node_modules\yarn\lib\cli.js:30281:17)
      at emitTwo (events.js:126:13)
      at ChildProcess.emit (events.js:214:7)
      at maybeClose (internal/child_process.js:925:16)
      at Process.ChildProcess._handle.onexit (internal/child_process.js:209:5)
